{
  "stats": {
    "suites": 1,
    "tests": 1,
    "passes": 1,
    "pending": 0,
    "failures": 0,
    "start": "2025-10-23T22:25:28.603Z",
    "end": "2025-10-23T22:25:28.964Z",
    "duration": 361,
    "testsRegistered": 1,
    "passPercent": 100,
    "pendingPercent": 0,
    "other": 0,
    "hasOther": false,
    "skipped": 0,
    "hasSkipped": false
  },
  "results": [
    {
      "uuid": "e2369f42-c38c-4985-b082-c081a542a652",
      "title": "",
      "fullFile": "cypress\\e2e\\front\\stories.cy.js",
      "file": "cypress\\e2e\\front\\stories.cy.js",
      "beforeHooks": [],
      "afterHooks": [],
      "tests": [],
      "suites": [
        {
          "uuid": "e2793d15-215e-44b3-8f0b-5ba85f6e209a",
          "title": "Acessar o Blog do Agi",
          "fullFile": "",
          "file": "",
          "beforeHooks": [],
          "afterHooks": [],
          "tests": [
            {
              "title": "Verifica Título da pagina",
              "fullTitle": "Acessar o Blog do Agi Verifica Título da pagina",
              "timedOut": null,
              "duration": 303,
              "state": "passed",
              "speed": "fast",
              "pass": true,
              "fail": false,
              "pending": false,
              "context": null,
              "code": "cy.title().should('include', 'Story - Blog do Agi');",
              "err": {},
              "uuid": "b55d346a-1ef0-4b60-8abc-947221926395",
              "parentUUID": "e2793d15-215e-44b3-8f0b-5ba85f6e209a",
              "isHook": false,
              "skipped": false
            }
          ],
          "suites": [],
          "passes": [
            "b55d346a-1ef0-4b60-8abc-947221926395"
          ],
          "failures": [],
          "pending": [],
          "skipped": [],
          "duration": 303,
          "root": false,
          "rootEmpty": false,
          "_timeout": 2000
        }
      ],
      "passes": [],
      "failures": [],
      "pending": [],
      "skipped": [],
      "duration": 0,
      "root": true,
      "rootEmpty": true,
      "_timeout": 2000
    }
  ],
  "meta": {
    "mocha": {
      "version": "7.0.1"
    },
    "mochawesome": {
      "options": {
        "quiet": false,
        "reportFilename": "mochawesome",
        "saveHtml": true,
        "saveJson": true,
        "consoleReporter": "spec",
        "useInlineDiffs": false,
        "code": true
      },
      "version": "7.1.4"
    },
    "marge": {
      "options": {
        "reportDir": "reports",
        "overwrite": false,
        "html": true,
        "json": true
      },
      "version": "6.3.0"
    }
  }
}