{
  "stats": {
    "suites": 1,
    "tests": 2,
    "passes": 2,
    "pending": 0,
    "failures": 0,
    "start": "2025-10-23T22:25:24.267Z",
    "end": "2025-10-23T22:25:27.038Z",
    "duration": 2771,
    "testsRegistered": 2,
    "passPercent": 100,
    "pendingPercent": 0,
    "other": 0,
    "hasOther": false,
    "skipped": 0,
    "hasSkipped": false
  },
  "results": [
    {
      "uuid": "9f0dc270-d7bb-4b24-a65e-1759e2b0590a",
      "title": "",
      "fullFile": "cypress\\e2e\\front\\servicos.cy.js",
      "file": "cypress\\e2e\\front\\servicos.cy.js",
      "beforeHooks": [],
      "afterHooks": [],
      "tests": [],
      "suites": [
        {
          "uuid": "e3ef055f-6a0a-4ccf-9c0b-c7ead657318f",
          "title": "Acessar Serviços",
          "fullFile": "",
          "file": "",
          "beforeHooks": [],
          "afterHooks": [],
          "tests": [
            {
              "title": "Verifica Título da pagina",
              "fullTitle": "Acessar Serviços Verifica Título da pagina",
              "timedOut": null,
              "duration": 307,
              "state": "passed",
              "speed": "fast",
              "pass": true,
              "fail": false,
              "pending": false,
              "context": null,
              "code": "cy.validaTituloDaPagina('Artigos sobre Serviços Produzidos pelo Agibank');",
              "err": {},
              "uuid": "8f704bee-60f2-482f-9325-64b398427163",
              "parentUUID": "e3ef055f-6a0a-4ccf-9c0b-c7ead657318f",
              "isHook": false,
              "skipped": false
            },
            {
              "title": "Verifica noticia do dia 06/10/2025",
              "fullTitle": "Acessar Serviços Verifica noticia do dia 06/10/2025",
              "timedOut": null,
              "duration": 2369,
              "state": "passed",
              "speed": "fast",
              "pass": true,
              "fail": false,
              "pending": false,
              "context": null,
              "code": "cy.validaFrase('Portal do Servidor: quais são os serviços e como acessar').click();\ncy.validaFrase('Se você é servidor público, já deve ter ouvido falar no portal do servidor.');",
              "err": {},
              "uuid": "eb18d270-1c6e-4ff7-ba4c-c075fa82af02",
              "parentUUID": "e3ef055f-6a0a-4ccf-9c0b-c7ead657318f",
              "isHook": false,
              "skipped": false
            }
          ],
          "suites": [],
          "passes": [
            "8f704bee-60f2-482f-9325-64b398427163",
            "eb18d270-1c6e-4ff7-ba4c-c075fa82af02"
          ],
          "failures": [],
          "pending": [],
          "skipped": [],
          "duration": 2676,
          "root": false,
          "rootEmpty": false,
          "_timeout": 2000
        }
      ],
      "passes": [],
      "failures": [],
      "pending": [],
      "skipped": [],
      "duration": 0,
      "root": true,
      "rootEmpty": true,
      "_timeout": 2000
    }
  ],
  "meta": {
    "mocha": {
      "version": "7.0.1"
    },
    "mochawesome": {
      "options": {
        "quiet": false,
        "reportFilename": "mochawesome",
        "saveHtml": true,
        "saveJson": true,
        "consoleReporter": "spec",
        "useInlineDiffs": false,
        "code": true
      },
      "version": "7.1.4"
    },
    "marge": {
      "options": {
        "reportDir": "reports",
        "overwrite": false,
        "html": true,
        "json": true
      },
      "version": "6.3.0"
    }
  }
}